1493094646899	geckodriver	INFO	Listening on 127.0.0.1:52427
1493094647983	geckodriver::marionette	INFO	Starting browser /Applications/Firefox.app/Contents/MacOS/firefox-bin with args ["-marionette"]
1493094649612	Marionette	INFO	Listening on port 52436
1493094649663	Marionette	WARN	TLS certificate errors will be ignored for this session
2017-04-25 13:30:50.021 plugin-container[6434:751874] *** CFMessagePort: bootstrap_register(): failed 1100 (0x44c) 'Permission denied', port = 0x943f, name = 'com.apple.tsm.portname'
See /usr/include/servers/bootstrap_defs.h for the error codes.
2017-04-25 13:30:50.023 plugin-container[6434:751874] *** CFMessagePort: bootstrap_register(): failed 1100 (0x44c) 'Permission denied', port = 0x4e23, name = 'com.apple.CFPasteboardClient'
See /usr/include/servers/bootstrap_defs.h for the error codes.
2017-04-25 13:30:50.024 plugin-container[6434:751874] void __CFPasteboardSetup() : Failed to allocate communication port for com.apple.CFPasteboardClient; this is likely due to sandbox restrictions
JavaScript error: resource://gre/modules/LoginManagerParent.jsm, line 75: TypeError: this._recipeManager is null
*************************
A coding exception was thrown and uncaught in a Task.

Full message: TypeError: NetworkError when attempting to fetch resource.
Full stack: 
*************************
1493095617793	geckodriver	INFO	Listening on 127.0.0.1:52569
1493095618846	geckodriver::marionette	INFO	Starting browser /Applications/Firefox.app/Contents/MacOS/firefox-bin with args ["-marionette"]
1493095620450	Marionette	INFO	Listening on port 52578
1493095620512	Marionette	WARN	TLS certificate errors will be ignored for this session
2017-04-25 13:47:00.849 plugin-container[6577:766883] *** CFMessagePort: bootstrap_register(): failed 1100 (0x44c) 'Permission denied', port = 0x913f, name = 'com.apple.tsm.portname'
See /usr/include/servers/bootstrap_defs.h for the error codes.
2017-04-25 13:47:00.851 plugin-container[6577:766883] *** CFMessagePort: bootstrap_register(): failed 1100 (0x44c) 'Permission denied', port = 0x931f, name = 'com.apple.CFPasteboardClient'
See /usr/include/servers/bootstrap_defs.h for the error codes.
2017-04-25 13:47:00.851 plugin-container[6577:766883] void __CFPasteboardSetup() : Failed to allocate communication port for com.apple.CFPasteboardClient; this is likely due to sandbox restrictions
1493095694124	geckodriver	INFO	Listening on 127.0.0.1:52641
1493095695173	geckodriver::marionette	INFO	Starting browser /Applications/Firefox.app/Contents/MacOS/firefox-bin with args ["-marionette"]
1493095696776	Marionette	INFO	Listening on port 52650
1493095696837	Marionette	WARN	TLS certificate errors will be ignored for this session
2017-04-25 13:48:17.167 plugin-container[6588:768817] *** CFMessagePort: bootstrap_register(): failed 1100 (0x44c) 'Permission denied', port = 0x923f, name = 'com.apple.tsm.portname'
See /usr/include/servers/bootstrap_defs.h for the error codes.
2017-04-25 13:48:17.169 plugin-container[6588:768817] *** CFMessagePort: bootstrap_register(): failed 1100 (0x44c) 'Permission denied', port = 0x4c1f, name = 'com.apple.CFPasteboardClient'
See /usr/include/servers/bootstrap_defs.h for the error codes.
2017-04-25 13:48:17.169 plugin-container[6588:768817] void __CFPasteboardSetup() : Failed to allocate communication port for com.apple.CFPasteboardClient; this is likely due to sandbox restrictions
Warning: An attempt was made to write to the DEVTOOLS_COPY_FULL_CSS_SELECTOR_OPENED_COUNT histogram, which is not defined in Histograms.json
Warning: An attempt was made to write to the DEVTOOLS_COPY_FULL_CSS_SELECTOR_OPENED_COUNT histogram, which is not defined in Histograms.json
JavaScript error: https://www.ibm.com/support/knowledgecenter/js/resources/internal/v18/js/www.js?v=20170330_0756, line 56: TypeError: p.iconsonly.$el is null
1493096171507	addons.xpi	WARN	Add-on {7eb3f691-25b4-4a85-9038-9e57e2bcd537} is not compatible with application version.
1493096171509	addons.xpi	WARN	Add-on {7eb3f691-25b4-4a85-9038-9e57e2bcd537} is not compatible with application version.
1493096177030	addons.xpi	WARN	Add-on {7eb3f691-25b4-4a85-9038-9e57e2bcd537} is not compatible with application version.
2017-04-25 13:56:18.591 plugin-container[6639:777014] *** CFMessagePort: bootstrap_register(): failed 1100 (0x44c) 'Permission denied', port = 0x923f, name = 'com.apple.tsm.portname'
See /usr/include/servers/bootstrap_defs.h for the error codes.
2017-04-25 13:56:18.593 plugin-container[6639:777014] *** CFMessagePort: bootstrap_register(): failed 1100 (0x44c) 'Permission denied', port = 0x9327, name = 'com.apple.CFPasteboardClient'
See /usr/include/servers/bootstrap_defs.h for the error codes.
2017-04-25 13:56:18.593 plugin-container[6639:777014] void __CFPasteboardSetup() : Failed to allocate communication port for com.apple.CFPasteboardClient; this is likely due to sandbox restrictions
2017-04-25 13:56:18.675 plugin-container[6640:777054] *** CFMessagePort: bootstrap_register(): failed 1100 (0x44c) 'Permission denied', port = 0x923f, name = 'com.apple.tsm.portname'
See /usr/include/servers/bootstrap_defs.h for the error codes.
2017-04-25 13:56:18.676 plugin-container[6640:777054] *** CFMessagePort: bootstrap_register(): failed 1100 (0x44c) 'Permission denied', port = 0x4b07, name = 'com.apple.CFPasteboardClient'
See /usr/include/servers/bootstrap_defs.h for the error codes.
2017-04-25 13:56:18.676 plugin-container[6640:777054] void __CFPasteboardSetup() : Failed to allocate communication port for com.apple.CFPasteboardClient; this is likely due to sandbox restrictions
1493096187816	geckodriver	INFO	Listening on 127.0.0.1:52846
1493096188863	geckodriver::marionette	INFO	Starting browser /Applications/Firefox.app/Contents/MacOS/firefox-bin with args ["-marionette"]
1493096190451	Marionette	INFO	Listening on port 52856
1493096190517	Marionette	WARN	TLS certificate errors will be ignored for this session
2017-04-25 13:56:30.830 plugin-container[6644:777542] *** CFMessagePort: bootstrap_register(): failed 1100 (0x44c) 'Permission denied', port = 0x903f, name = 'com.apple.tsm.portname'
See /usr/include/servers/bootstrap_defs.h for the error codes.
2017-04-25 13:56:30.831 plugin-container[6644:777542] *** CFMessagePort: bootstrap_register(): failed 1100 (0x44c) 'Permission denied', port = 0x9147, name = 'com.apple.CFPasteboardClient'
See /usr/include/servers/bootstrap_defs.h for the error codes.
2017-04-25 13:56:30.831 plugin-container[6644:777542] void __CFPasteboardSetup() : Failed to allocate communication port for com.apple.CFPasteboardClient; this is likely due to sandbox restrictions
*************************
A coding exception was thrown and uncaught in a Task.

Full message: TypeError: NetworkError when attempting to fetch resource.
Full stack: 
*************************
console.error: 
  Protocol error (noSuchActor): No such actor for ID: server1.conn0.child1/memoryActor12
2017-04-25 13:58:04.616 plugin-container[6658:779631] *** CFMessagePort: bootstrap_register(): failed 1100 (0x44c) 'Permission denied', port = 0x9a3f, name = 'com.apple.tsm.portname'
See /usr/include/servers/bootstrap_defs.h for the error codes.
2017-04-25 13:58:04.619 plugin-container[6658:779631] *** CFMessagePort: bootstrap_register(): failed 1100 (0x44c) 'Permission denied', port = 0x9b23, name = 'com.apple.CFPasteboardClient'
See /usr/include/servers/bootstrap_defs.h for the error codes.
2017-04-25 13:58:04.619 plugin-container[6658:779631] void __CFPasteboardSetup() : Failed to allocate communication port for com.apple.CFPasteboardClient; this is likely due to sandbox restrictions
*************************
A coding exception was thrown and uncaught in a Task.

Full message: TypeError: NetworkError when attempting to fetch resource.
Full stack: 
*************************
1493096398231	geckodriver	INFO	Listening on 127.0.0.1:52947
1493096399280	geckodriver::marionette	INFO	Starting browser /Applications/Firefox.app/Contents/MacOS/firefox-bin with args ["-marionette"]
1493096400840	Marionette	INFO	Listening on port 52956
1493096400938	Marionette	WARN	TLS certificate errors will be ignored for this session
2017-04-25 14:00:01.227 plugin-container[6673:781742] *** CFMessagePort: bootstrap_register(): failed 1100 (0x44c) 'Permission denied', port = 0x933b, name = 'com.apple.tsm.portname'
See /usr/include/servers/bootstrap_defs.h for the error codes.
2017-04-25 14:00:01.229 plugin-container[6673:781742] *** CFMessagePort: bootstrap_register(): failed 1100 (0x44c) 'Permission denied', port = 0x4d1b, name = 'com.apple.CFPasteboardClient'
See /usr/include/servers/bootstrap_defs.h for the error codes.
2017-04-25 14:00:01.229 plugin-container[6673:781742] void __CFPasteboardSetup() : Failed to allocate communication port for com.apple.CFPasteboardClient; this is likely due to sandbox restrictions
1493096533327	geckodriver	INFO	Listening on 127.0.0.1:53040
1493096534379	geckodriver::marionette	INFO	Starting browser /Applications/Firefox.app/Contents/MacOS/firefox-bin with args ["-marionette"]
1493096535958	Marionette	INFO	Listening on port 53049
1493096536036	Marionette	WARN	TLS certificate errors will be ignored for this session
2017-04-25 14:02:16.349 plugin-container[6689:784015] *** CFMessagePort: bootstrap_register(): failed 1100 (0x44c) 'Permission denied', port = 0x9437, name = 'com.apple.tsm.portname'
See /usr/include/servers/bootstrap_defs.h for the error codes.
2017-04-25 14:02:16.351 plugin-container[6689:784015] *** CFMessagePort: bootstrap_register(): failed 1100 (0x44c) 'Permission denied', port = 0x4c1b, name = 'com.apple.CFPasteboardClient'
See /usr/include/servers/bootstrap_defs.h for the error codes.
2017-04-25 14:02:16.351 plugin-container[6689:784015] void __CFPasteboardSetup() : Failed to allocate communication port for com.apple.CFPasteboardClient; this is likely due to sandbox restrictions
*************************
A coding exception was thrown and uncaught in a Task.

Full message: TypeError: NetworkError when attempting to fetch resource.
Full stack: 
*************************
1493096838976	geckodriver	INFO	Listening on 127.0.0.1:53141
1493096840028	geckodriver::marionette	INFO	Starting browser /Applications/Firefox.app/Contents/MacOS/firefox-bin with args ["-marionette"]
1493096841638	Marionette	INFO	Listening on port 53150
1493096841684	Marionette	WARN	TLS certificate errors will be ignored for this session
2017-04-25 14:07:22.041 plugin-container[6724:787291] *** CFMessagePort: bootstrap_register(): failed 1100 (0x44c) 'Permission denied', port = 0x913b, name = 'com.apple.tsm.portname'
See /usr/include/servers/bootstrap_defs.h for the error codes.
2017-04-25 14:07:22.044 plugin-container[6724:787291] *** CFMessagePort: bootstrap_register(): failed 1100 (0x44c) 'Permission denied', port = 0x9227, name = 'com.apple.CFPasteboardClient'
See /usr/include/servers/bootstrap_defs.h for the error codes.
2017-04-25 14:07:22.044 plugin-container[6724:787291] void __CFPasteboardSetup() : Failed to allocate communication port for com.apple.CFPasteboardClient; this is likely due to sandbox restrictions
Warning: An attempt was made to write to the DEVTOOLS_COPY_FULL_CSS_SELECTOR_OPENED_COUNT histogram, which is not defined in Histograms.json
Warning: An attempt was made to write to the DEVTOOLS_COPY_FULL_CSS_SELECTOR_OPENED_COUNT histogram, which is not defined in Histograms.json
Warning: An attempt was made to write to the DEVTOOLS_COPY_UNIQUE_CSS_SELECTOR_OPENED_COUNT histogram, which is not defined in Histograms.json
*************************
A coding exception was thrown and uncaught in a Task.

Full message: TypeError: NetworkError when attempting to fetch resource.
Full stack: 
*************************
*************************
A coding exception was thrown and uncaught in a Task.

Full message: TypeError: NetworkError when attempting to fetch resource.
Full stack: 
*************************
1493097676953	geckodriver	INFO	Listening on 127.0.0.1:55833
1493097678004	geckodriver::marionette	INFO	Starting browser /Applications/Firefox.app/Contents/MacOS/firefox-bin with args ["-marionette"]
1493097679635	Marionette	INFO	Listening on port 55847
1493097679682	Marionette	WARN	TLS certificate errors will be ignored for this session
2017-04-25 14:21:20.028 plugin-container[6859:802111] *** CFMessagePort: bootstrap_register(): failed 1100 (0x44c) 'Permission denied', port = 0x923f, name = 'com.apple.tsm.portname'
See /usr/include/servers/bootstrap_defs.h for the error codes.
2017-04-25 14:21:20.031 plugin-container[6859:802111] *** CFMessagePort: bootstrap_register(): failed 1100 (0x44c) 'Permission denied', port = 0x931b, name = 'com.apple.CFPasteboardClient'
See /usr/include/servers/bootstrap_defs.h for the error codes.
2017-04-25 14:21:20.031 plugin-container[6859:802111] void __CFPasteboardSetup() : Failed to allocate communication port for com.apple.CFPasteboardClient; this is likely due to sandbox restrictions
1493097798346	geckodriver	INFO	Listening on 127.0.0.1:56408
1493097799393	geckodriver::marionette	INFO	Starting browser /Applications/Firefox.app/Contents/MacOS/firefox-bin with args ["-marionette"]
1493097800933	Marionette	INFO	Listening on port 56421
1493097800979	Marionette	WARN	TLS certificate errors will be ignored for this session
2017-04-25 14:23:21.313 plugin-container[6874:804339] *** CFMessagePort: bootstrap_register(): failed 1100 (0x44c) 'Permission denied', port = 0x923f, name = 'com.apple.tsm.portname'
See /usr/include/servers/bootstrap_defs.h for the error codes.
2017-04-25 14:23:21.315 plugin-container[6874:804339] *** CFMessagePort: bootstrap_register(): failed 1100 (0x44c) 'Permission denied', port = 0x4c0b, name = 'com.apple.CFPasteboardClient'
See /usr/include/servers/bootstrap_defs.h for the error codes.
2017-04-25 14:23:21.315 plugin-container[6874:804339] void __CFPasteboardSetup() : Failed to allocate communication port for com.apple.CFPasteboardClient; this is likely due to sandbox restrictions
JavaScript error: resource://gre/modules/LoginManagerParent.jsm, line 75: TypeError: this._recipeManager is null
console.warn: nsLoginManager: searchLogins: `formSubmitURL` or `httpRealm` is recommended
JavaScript error: resource://gre/modules/LoginManagerParent.jsm, line 75: TypeError: this._recipeManager is null
console.warn: nsLoginManager: searchLogins: `formSubmitURL` or `httpRealm` is recommended
1493098128994	geckodriver	INFO	Listening on 127.0.0.1:57683
1493098130044	geckodriver::marionette	INFO	Starting browser /Applications/Firefox.app/Contents/MacOS/firefox-bin with args ["-marionette"]
1493098131599	Marionette	INFO	Listening on port 57696
1493098131690	Marionette	WARN	TLS certificate errors will be ignored for this session
2017-04-25 14:28:51.988 plugin-container[6911:810225] *** CFMessagePort: bootstrap_register(): failed 1100 (0x44c) 'Permission denied', port = 0x923f, name = 'com.apple.tsm.portname'
See /usr/include/servers/bootstrap_defs.h for the error codes.
2017-04-25 14:28:51.990 plugin-container[6911:810225] *** CFMessagePort: bootstrap_register(): failed 1100 (0x44c) 'Permission denied', port = 0x4a1b, name = 'com.apple.CFPasteboardClient'
See /usr/include/servers/bootstrap_defs.h for the error codes.
2017-04-25 14:28:51.990 plugin-container[6911:810225] void __CFPasteboardSetup() : Failed to allocate communication port for com.apple.CFPasteboardClient; this is likely due to sandbox restrictions
1493098245289	geckodriver	INFO	Listening on 127.0.0.1:57980
1493098246338	geckodriver::marionette	INFO	Starting browser /Applications/Firefox.app/Contents/MacOS/firefox-bin with args ["-marionette"]
1493098247900	Marionette	INFO	Listening on port 57989
1493098247997	Marionette	WARN	TLS certificate errors will be ignored for this session
2017-04-25 14:30:48.291 plugin-container[6931:812786] *** CFMessagePort: bootstrap_register(): failed 1100 (0x44c) 'Permission denied', port = 0x943f, name = 'com.apple.tsm.portname'
See /usr/include/servers/bootstrap_defs.h for the error codes.
2017-04-25 14:30:48.293 plugin-container[6931:812786] *** CFMessagePort: bootstrap_register(): failed 1100 (0x44c) 'Permission denied', port = 0x4e17, name = 'com.apple.CFPasteboardClient'
See /usr/include/servers/bootstrap_defs.h for the error codes.
2017-04-25 14:30:48.293 plugin-container[6931:812786] void __CFPasteboardSetup() : Failed to allocate communication port for com.apple.CFPasteboardClient; this is likely due to sandbox restrictions
JavaScript warning: http://cafe.naver.com/static/js/mycafe/common/storyphoto/original_viewer-1476780396000-41944.js, line 89: unreachable code after return statement
JavaScript warning: http://cafe.naver.com/static/js/mycafe/common/storyphoto/original_viewer-1476780396000-41944.js, line 134: unreachable code after return statement
JavaScript warning: http://cafe.naver.com/static/js/mycafe/common/storyphoto/original_viewer-1476780396000-41944.js, line 89: unreachable code after return statement
JavaScript warning: http://cafe.naver.com/static/js/mycafe/common/storyphoto/original_viewer-1476780396000-41944.js, line 134: unreachable code after return statement
JavaScript error: resource://gre/modules/LoginManagerParent.jsm, line 75: TypeError: this._recipeManager is null
1493098414290	geckodriver	INFO	Listening on 127.0.0.1:58191
1493098415334	geckodriver::marionette	INFO	Starting browser /Applications/Firefox.app/Contents/MacOS/firefox-bin with args ["-marionette"]
1493098416939	Marionette	INFO	Listening on port 58200
1493098417046	Marionette	WARN	TLS certificate errors will be ignored for this session
2017-04-25 14:33:37.348 plugin-container[6954:816281] *** CFMessagePort: bootstrap_register(): failed 1100 (0x44c) 'Permission denied', port = 0x933f, name = 'com.apple.tsm.portname'
See /usr/include/servers/bootstrap_defs.h for the error codes.
2017-04-25 14:33:37.350 plugin-container[6954:816281] *** CFMessagePort: bootstrap_register(): failed 1100 (0x44c) 'Permission denied', port = 0x4a1b, name = 'com.apple.CFPasteboardClient'
See /usr/include/servers/bootstrap_defs.h for the error codes.
2017-04-25 14:33:37.350 plugin-container[6954:816281] void __CFPasteboardSetup() : Failed to allocate communication port for com.apple.CFPasteboardClient; this is likely due to sandbox restrictions
JavaScript warning: http://cafe.naver.com/static/js/mycafe/common/storyphoto/original_viewer-1476780396000-41944.js, line 89: unreachable code after return statement
JavaScript warning: http://cafe.naver.com/static/js/mycafe/common/storyphoto/original_viewer-1476780396000-41944.js, line 134: unreachable code after return statement
JavaScript warning: http://cafe.naver.com/static/js/mycafe/common/storyphoto/original_viewer-1476780396000-41944.js, line 89: unreachable code after return statement
JavaScript warning: http://cafe.naver.com/static/js/mycafe/common/storyphoto/original_viewer-1476780396000-41944.js, line 134: unreachable code after return statement
1493098465055	geckodriver	INFO	Listening on 127.0.0.1:58350
1493098466103	geckodriver::marionette	INFO	Starting browser /Applications/Firefox.app/Contents/MacOS/firefox-bin with args ["-marionette"]
1493098467651	Marionette	INFO	Listening on port 58359
1493098467694	Marionette	WARN	TLS certificate errors will be ignored for this session
2017-04-25 14:34:28.021 plugin-container[6969:818396] *** CFMessagePort: bootstrap_register(): failed 1100 (0x44c) 'Permission denied', port = 0x933f, name = 'com.apple.tsm.portname'
See /usr/include/servers/bootstrap_defs.h for the error codes.
2017-04-25 14:34:28.022 plugin-container[6969:818396] *** CFMessagePort: bootstrap_register(): failed 1100 (0x44c) 'Permission denied', port = 0x961f, name = 'com.apple.CFPasteboardClient'
See /usr/include/servers/bootstrap_defs.h for the error codes.
2017-04-25 14:34:28.022 plugin-container[6969:818396] void __CFPasteboardSetup() : Failed to allocate communication port for com.apple.CFPasteboardClient; this is likely due to sandbox restrictions
JavaScript warning: http://cafe.naver.com/static/js/mycafe/common/storyphoto/original_viewer-1476780396000-41944.js, line 89: unreachable code after return statement
JavaScript warning: http://cafe.naver.com/static/js/mycafe/common/storyphoto/original_viewer-1476780396000-41944.js, line 134: unreachable code after return statement
JavaScript warning: http://cafe.naver.com/static/js/mycafe/common/storyphoto/original_viewer-1476780396000-41944.js, line 89: unreachable code after return statement
JavaScript warning: http://cafe.naver.com/static/js/mycafe/common/storyphoto/original_viewer-1476780396000-41944.js, line 134: unreachable code after return statement
1493098530815	geckodriver	INFO	Listening on 127.0.0.1:58519
1493098531863	geckodriver::marionette	INFO	Starting browser /Applications/Firefox.app/Contents/MacOS/firefox-bin with args ["-marionette"]
1493098533436	Marionette	INFO	Listening on port 58528
1493098533522	Marionette	WARN	TLS certificate errors will be ignored for this session
2017-04-25 14:35:33.830 plugin-container[6979:820240] *** CFMessagePort: bootstrap_register(): failed 1100 (0x44c) 'Permission denied', port = 0x923f, name = 'com.apple.tsm.portname'
See /usr/include/servers/bootstrap_defs.h for the error codes.
2017-04-25 14:35:33.832 plugin-container[6979:820240] *** CFMessagePort: bootstrap_register(): failed 1100 (0x44c) 'Permission denied', port = 0x9347, name = 'com.apple.CFPasteboardClient'
See /usr/include/servers/bootstrap_defs.h for the error codes.
2017-04-25 14:35:33.832 plugin-container[6979:820240] void __CFPasteboardSetup() : Failed to allocate communication port for com.apple.CFPasteboardClient; this is likely due to sandbox restrictions
JavaScript warning: http://cafe.naver.com/static/js/mycafe/common/storyphoto/original_viewer-1476780396000-41944.js, line 89: unreachable code after return statement
JavaScript warning: http://cafe.naver.com/static/js/mycafe/common/storyphoto/original_viewer-1476780396000-41944.js, line 134: unreachable code after return statement
JavaScript warning: http://cafe.naver.com/static/js/mycafe/common/storyphoto/original_viewer-1476780396000-41944.js, line 89: unreachable code after return statement
JavaScript warning: http://cafe.naver.com/static/js/mycafe/common/storyphoto/original_viewer-1476780396000-41944.js, line 134: unreachable code after return statement
1493098549779	geckodriver	INFO	Listening on 127.0.0.1:58693
1493098550823	geckodriver::marionette	INFO	Starting browser /Applications/Firefox.app/Contents/MacOS/firefox-bin with args ["-marionette"]
1493098552426	Marionette	INFO	Listening on port 58702
1493098552494	Marionette	WARN	TLS certificate errors will be ignored for this session
2017-04-25 14:35:52.814 plugin-container[6984:820962] *** CFMessagePort: bootstrap_register(): failed 1100 (0x44c) 'Permission denied', port = 0x943f, name = 'com.apple.tsm.portname'
See /usr/include/servers/bootstrap_defs.h for the error codes.
2017-04-25 14:35:52.814 plugin-container[6984:820962] *** CFMessagePort: bootstrap_register(): failed 1100 (0x44c) 'Permission denied', port = 0x9547, name = 'com.apple.CFPasteboardClient'
See /usr/include/servers/bootstrap_defs.h for the error codes.
2017-04-25 14:35:52.814 plugin-container[6984:820962] void __CFPasteboardSetup() : Failed to allocate communication port for com.apple.CFPasteboardClient; this is likely due to sandbox restrictions
JavaScript warning: http://cafe.naver.com/static/js/mycafe/common/storyphoto/original_viewer-1476780396000-41944.js, line 89: unreachable code after return statement
JavaScript warning: http://cafe.naver.com/static/js/mycafe/common/storyphoto/original_viewer-1476780396000-41944.js, line 134: unreachable code after return statement
JavaScript warning: http://cafe.naver.com/static/js/mycafe/common/storyphoto/original_viewer-1476780396000-41944.js, line 89: unreachable code after return statement
JavaScript warning: http://cafe.naver.com/static/js/mycafe/common/storyphoto/original_viewer-1476780396000-41944.js, line 134: unreachable code after return statement
1493098583556	geckodriver	INFO	Listening on 127.0.0.1:58868
1493098584626	geckodriver::marionette	INFO	Starting browser /Applications/Firefox.app/Contents/MacOS/firefox-bin with args ["-marionette"]
1493098586272	Marionette	INFO	Listening on port 58877
1493098586317	Marionette	WARN	TLS certificate errors will be ignored for this session
2017-04-25 14:36:26.685 plugin-container[6990:821855] *** CFMessagePort: bootstrap_register(): failed 1100 (0x44c) 'Permission denied', port = 0x933f, name = 'com.apple.tsm.portname'
See /usr/include/servers/bootstrap_defs.h for the error codes.
2017-04-25 14:36:26.685 plugin-container[6990:821855] *** CFMessagePort: bootstrap_register(): failed 1100 (0x44c) 'Permission denied', port = 0x4d17, name = 'com.apple.CFPasteboardClient'
See /usr/include/servers/bootstrap_defs.h for the error codes.
2017-04-25 14:36:26.685 plugin-container[6990:821855] void __CFPasteboardSetup() : Failed to allocate communication port for com.apple.CFPasteboardClient; this is likely due to sandbox restrictions
JavaScript warning: http://cafe.naver.com/static/js/mycafe/common/storyphoto/original_viewer-1476780396000-41944.js, line 89: unreachable code after return statement
JavaScript warning: http://cafe.naver.com/static/js/mycafe/common/storyphoto/original_viewer-1476780396000-41944.js, line 134: unreachable code after return statement
JavaScript warning: http://cafe.naver.com/static/js/mycafe/common/storyphoto/original_viewer-1476780396000-41944.js, line 89: unreachable code after return statement
JavaScript warning: http://cafe.naver.com/static/js/mycafe/common/storyphoto/original_viewer-1476780396000-41944.js, line 134: unreachable code after return statement
1493098602692	geckodriver	INFO	Listening on 127.0.0.1:59037
1493098603748	geckodriver::marionette	INFO	Starting browser /Applications/Firefox.app/Contents/MacOS/firefox-bin with args ["-marionette"]
1493098605456	Marionette	INFO	Listening on port 59046
1493098605517	Marionette	WARN	TLS certificate errors will be ignored for this session
2017-04-25 14:36:45.881 plugin-container[6995:822345] *** CFMessagePort: bootstrap_register(): failed 1100 (0x44c) 'Permission denied', port = 0x943f, name = 'com.apple.tsm.portname'
See /usr/include/servers/bootstrap_defs.h for the error codes.
2017-04-25 14:36:45.883 plugin-container[6995:822345] *** CFMessagePort: bootstrap_register(): failed 1100 (0x44c) 'Permission denied', port = 0x4d17, name = 'com.apple.CFPasteboardClient'
See /usr/include/servers/bootstrap_defs.h for the error codes.
2017-04-25 14:36:45.883 plugin-container[6995:822345] void __CFPasteboardSetup() : Failed to allocate communication port for com.apple.CFPasteboardClient; this is likely due to sandbox restrictions
JavaScript warning: http://cafe.naver.com/static/js/mycafe/common/storyphoto/original_viewer-1476780396000-41944.js, line 89: unreachable code after return statement
JavaScript warning: http://cafe.naver.com/static/js/mycafe/common/storyphoto/original_viewer-1476780396000-41944.js, line 134: unreachable code after return statement
JavaScript warning: http://cafe.naver.com/static/js/mycafe/common/storyphoto/original_viewer-1476780396000-41944.js, line 89: unreachable code after return statement
JavaScript warning: http://cafe.naver.com/static/js/mycafe/common/storyphoto/original_viewer-1476780396000-41944.js, line 134: unreachable code after return statement
JavaScript error: chrome://marionette/content/error.js, line 200: Error: Timed out
*************************
A coding exception was thrown and uncaught in a Task.

Full message: TypeError: NetworkError when attempting to fetch resource.
Full stack: 
*************************
*************************
A coding exception was thrown and uncaught in a Task.

Full message: TypeError: NetworkError when attempting to fetch resource.
Full stack: 
*************************
*************************
A coding exception was thrown and uncaught in a Task.

Full message: TypeError: NetworkError when attempting to fetch resource.
Full stack: 
*************************
*************************
A coding exception was thrown and uncaught in a Task.

Full message: TypeError: NetworkError when attempting to fetch resource.
Full stack: 
*************************
2017-04-25 14:46:22.478 firefox-bin[6989:821711] CFPasteboardCopyDataReturn __CFPasteboardCopyData(CFPasteboardRef, CFIndex, CFIndex, CFStringRef, Boolean, Boolean) : Lock timeout
1493099195285	geckodriver	INFO	Listening on 127.0.0.1:59260
1493099196335	geckodriver::marionette	INFO	Starting browser /Applications/Firefox.app/Contents/MacOS/firefox-bin with args ["-marionette"]
1493099198109	Marionette	INFO	Listening on port 59269
1493099198207	Marionette	WARN	TLS certificate errors will be ignored for this session
2017-04-25 14:46:38.559 plugin-container[7078:830876] *** CFMessagePort: bootstrap_register(): failed 1100 (0x44c) 'Permission denied', port = 0x934b, name = 'com.apple.tsm.portname'
See /usr/include/servers/bootstrap_defs.h for the error codes.
2017-04-25 14:46:38.562 plugin-container[7078:830876] *** CFMessagePort: bootstrap_register(): failed 1100 (0x44c) 'Permission denied', port = 0x922f, name = 'com.apple.CFPasteboardClient'
See /usr/include/servers/bootstrap_defs.h for the error codes.
2017-04-25 14:46:38.562 plugin-container[7078:830876] void __CFPasteboardSetup() : Failed to allocate communication port for com.apple.CFPasteboardClient; this is likely due to sandbox restrictions
JavaScript warning: http://cafe.naver.com/static/js/mycafe/common/storyphoto/original_viewer-1476780396000-41944.js, line 89: unreachable code after return statement
JavaScript warning: http://cafe.naver.com/static/js/mycafe/common/storyphoto/original_viewer-1476780396000-41944.js, line 134: unreachable code after return statement
JavaScript warning: http://cafe.naver.com/static/js/mycafe/common/storyphoto/original_viewer-1476780396000-41944.js, line 89: unreachable code after return statement
JavaScript warning: http://cafe.naver.com/static/js/mycafe/common/storyphoto/original_viewer-1476780396000-41944.js, line 134: unreachable code after return statement
*************************
A coding exception was thrown and uncaught in a Task.

Full message: TypeError: NetworkError when attempting to fetch resource.
Full stack: 
*************************
*************************
A coding exception was thrown and uncaught in a Task.

Full message: TypeError: NetworkError when attempting to fetch resource.
Full stack: 
*************************
1493099313310	geckodriver	INFO	Listening on 127.0.0.1:59454
1493099314361	geckodriver::marionette	INFO	Starting browser /Applications/Firefox.app/Contents/MacOS/firefox-bin with args ["-marionette"]
1493099316239	Marionette	INFO	Listening on port 59463
1493099316296	Marionette	WARN	TLS certificate errors will be ignored for this session
2017-04-25 14:48:36.715 plugin-container[7093:832658] *** CFMessagePort: bootstrap_register(): failed 1100 (0x44c) 'Permission denied', port = 0x953f, name = 'com.apple.tsm.portname'
See /usr/include/servers/bootstrap_defs.h for the error codes.
2017-04-25 14:48:36.717 plugin-container[7093:832658] *** CFMessagePort: bootstrap_register(): failed 1100 (0x44c) 'Permission denied', port = 0x9543, name = 'com.apple.CFPasteboardClient'
See /usr/include/servers/bootstrap_defs.h for the error codes.
2017-04-25 14:48:36.717 plugin-container[7093:832658] void __CFPasteboardSetup() : Failed to allocate communication port for com.apple.CFPasteboardClient; this is likely due to sandbox restrictions
JavaScript warning: http://cafe.naver.com/static/js/mycafe/common/storyphoto/original_viewer-1476780396000-41944.js, line 89: unreachable code after return statement
JavaScript warning: http://cafe.naver.com/static/js/mycafe/common/storyphoto/original_viewer-1476780396000-41944.js, line 134: unreachable code after return statement
JavaScript warning: http://cafe.naver.com/static/js/mycafe/common/storyphoto/original_viewer-1476780396000-41944.js, line 89: unreachable code after return statement
JavaScript warning: http://cafe.naver.com/static/js/mycafe/common/storyphoto/original_viewer-1476780396000-41944.js, line 134: unreachable code after return statement
1493099341197	geckodriver	INFO	Listening on 127.0.0.1:59641
1493099342254	geckodriver::marionette	INFO	Starting browser /Applications/Firefox.app/Contents/MacOS/firefox-bin with args ["-marionette"]
1493099344503	Marionette	INFO	Listening on port 59650
1493099344569	Marionette	WARN	TLS certificate errors will be ignored for this session
2017-04-25 14:49:05.006 plugin-container[7099:833206] *** CFMessagePort: bootstrap_register(): failed 1100 (0x44c) 'Permission denied', port = 0x923f, name = 'com.apple.tsm.portname'
See /usr/include/servers/bootstrap_defs.h for the error codes.
2017-04-25 14:49:05.007 plugin-container[7099:833206] *** CFMessagePort: bootstrap_register(): failed 1100 (0x44c) 'Permission denied', port = 0x9423, name = 'com.apple.CFPasteboardClient'
See /usr/include/servers/bootstrap_defs.h for the error codes.
2017-04-25 14:49:05.007 plugin-container[7099:833206] void __CFPasteboardSetup() : Failed to allocate communication port for com.apple.CFPasteboardClient; this is likely due to sandbox restrictions
JavaScript warning: http://cafe.naver.com/static/js/mycafe/common/storyphoto/original_viewer-1476780396000-41944.js, line 89: unreachable code after return statement
JavaScript warning: http://cafe.naver.com/static/js/mycafe/common/storyphoto/original_viewer-1476780396000-41944.js, line 134: unreachable code after return statement
JavaScript warning: http://cafe.naver.com/static/js/mycafe/common/storyphoto/original_viewer-1476780396000-41944.js, line 89: unreachable code after return statement
JavaScript warning: http://cafe.naver.com/static/js/mycafe/common/storyphoto/original_viewer-1476780396000-41944.js, line 134: unreachable code after return statement
1493099539408	geckodriver	INFO	Listening on 127.0.0.1:59859
1493099540465	geckodriver::marionette	INFO	Starting browser /Applications/Firefox.app/Contents/MacOS/firefox-bin with args ["-marionette"]
1493099542797	Marionette	INFO	Listening on port 59868
1493099542894	Marionette	WARN	TLS certificate errors will be ignored for this session
2017-04-25 14:52:23.367 plugin-container[7123:834983] *** CFMessagePort: bootstrap_register(): failed 1100 (0x44c) 'Permission denied', port = 0x913f, name = 'com.apple.tsm.portname'
See /usr/include/servers/bootstrap_defs.h for the error codes.
2017-04-25 14:52:23.371 plugin-container[7123:834983] *** CFMessagePort: bootstrap_register(): failed 1100 (0x44c) 'Permission denied', port = 0x930f, name = 'com.apple.CFPasteboardClient'
See /usr/include/servers/bootstrap_defs.h for the error codes.
2017-04-25 14:52:23.371 plugin-container[7123:834983] void __CFPasteboardSetup() : Failed to allocate communication port for com.apple.CFPasteboardClient; this is likely due to sandbox restrictions
JavaScript warning: http://cafe.naver.com/static/js/mycafe/common/storyphoto/original_viewer-1476780396000-41944.js, line 89: unreachable code after return statement
JavaScript warning: http://cafe.naver.com/static/js/mycafe/common/storyphoto/original_viewer-1476780396000-41944.js, line 134: unreachable code after return statement
JavaScript warning: http://cafe.naver.com/static/js/mycafe/common/storyphoto/original_viewer-1476780396000-41944.js, line 89: unreachable code after return statement
JavaScript warning: http://cafe.naver.com/static/js/mycafe/common/storyphoto/original_viewer-1476780396000-41944.js, line 134: unreachable code after return statement
JavaScript warning: http://cafe.naver.com/static/js/mycafe/common/storyphoto/original_viewer-1476780396000-41944.js, line 89: unreachable code after return statement
JavaScript warning: http://cafe.naver.com/static/js/mycafe/common/storyphoto/original_viewer-1476780396000-41944.js, line 134: unreachable code after return statement
*************************
A coding exception was thrown and uncaught in a Task.

Full message: TypeError: NetworkError when attempting to fetch resource.
Full stack: 
*************************
JavaScript warning: http://cafe.naver.com/static/js/mycafe/common/storyphoto/original_viewer-1476780396000-41944.js, line 89: unreachable code after return statement
JavaScript warning: http://cafe.naver.com/static/js/mycafe/common/storyphoto/original_viewer-1476780396000-41944.js, line 134: unreachable code after return statement
JavaScript warning: http://cafe.naver.com/static/js/mycafe/common/storyphoto/original_viewer-1476780396000-41944.js, line 89: unreachable code after return statement
JavaScript warning: http://cafe.naver.com/static/js/mycafe/common/storyphoto/original_viewer-1476780396000-41944.js, line 134: unreachable code after return statement
IPDL protocol error: Handler returned error code!

###!!! [Parent][DispatchAsyncMessage] Error: PLayerTransaction::Msg_ReleaseLayer Processing error: message was deserialized, but the handler returned false (indicating failure)

*************************
A coding exception was thrown and uncaught in a Task.

Full message: TypeError: NetworkError when attempting to fetch resource.
Full stack: 
*************************
*************************
A coding exception was thrown and uncaught in a Task.

Full message: TypeError: NetworkError when attempting to fetch resource.
Full stack: 
*************************
